<?xml version="1.0" encoding="UTF-8"?>
<coverage generated="1696543310027" clover="3.2.0">
  <project timestamp="1696543310027" name="All files">
    <metrics statements="10" coveredstatements="10" conditionals="6" coveredconditionals="4" methods="2" coveredmethods="2" elements="18" coveredelements="16" complexity="0" loc="10" ncloc="10" packages="1" files="2" classes="2"/>
    <file name="jest-snapshot-resolver.js" path="/Users/zane/.liq/playground/liquid-labs/catalyst-resource-jest/src/jest-snapshot-resolver.js">
      <metrics statements="4" coveredstatements="4" conditionals="2" coveredconditionals="2" methods="2" coveredmethods="2"/>
      <line num="1" count="1" type="cond" truecount="2" falsecount="0"/>
      <line num="3" count="1" type="stmt"/>
      <line num="6" count="2" type="stmt"/>
      <line num="12" count="1" type="stmt"/>
    </file>
    <file name="jest.config.js" path="/Users/zane/.liq/playground/liquid-labs/catalyst-resource-jest/src/jest.config.js">
      <metrics statements="6" coveredstatements="6" conditionals="4" coveredconditionals="2" methods="0" coveredmethods="0"/>
      <line num="3" count="1" type="stmt"/>
      <line num="6" count="1" type="cond" truecount="1" falsecount="1"/>
      <line num="10" count="1" type="stmt"/>
      <line num="201" count="1" type="cond" truecount="1" falsecount="1"/>
      <line num="202" count="1" type="stmt"/>
      <line num="205" count="1" type="stmt"/>
    </file>
  </project>
</coverage>
