{"/Users/zane/.liq/playground/liquid-labs/catalyst-resource-jest/src/jest-snapshot-resolver.js": {"path":"/Users/zane/.liq/playground/liquid-labs/catalyst-resource-jest/src/jest-snapshot-resolver.js","statementMap":{"0":{"start":{"line":1,"column":14},"end":{"line":1,"column":94}},"1":{"start":{"line":3,"column":0},"end":{"line":19,"column":1}},"2":{"start":{"line":6,"column":4},"end":{"line":8,"column":64}},"3":{"start":{"line":12,"column":4},"end":{"line":15,"column":42}}},"fnMap":{"0":{"name":"(anonymous_0)","decl":{"start":{"line":5,"column":24},"end":{"line":5,"column":25}},"loc":{"start":{"line":6,"column":4},"end":{"line":8,"column":64}},"line":6},"1":{"name":"(anonymous_1)","decl":{"start":{"line":11,"column":20},"end":{"line":11,"column":21}},"loc":{"start":{"line":12,"column":4},"end":{"line":15,"column":42}},"line":12}},"branchMap":{"0":{"loc":{"start":{"line":1,"column":14},"end":{"line":1,"column":94}},"type":"binary-expr","locations":[{"start":{"line":1,"column":14},"end":{"line":1,"column":32}},{"start":{"line":1,"column":36},"end":{"line":1,"column":94}}],"line":1}},"s":{"0":1,"1":1,"2":2,"3":1},"f":{"0":2,"1":1},"b":{"0":[1,1]},"_coverageSchema":"1a1c01bbd47fc00a2c39e90264f33305004495a9","hash":"f98c8f1ab6fba28b65747b7cda739618d1abf7e8"}
,"/Users/zane/.liq/playground/liquid-labs/catalyst-resource-jest/src/jest.config.js": {"path":"/Users/zane/.liq/playground/liquid-labs/catalyst-resource-jest/src/jest.config.js","statementMap":{"0":{"start":{"line":3,"column":15},"end":{"line":3,"column":35}},"1":{"start":{"line":6,"column":12},"end":{"line":8,"column":61}},"2":{"start":{"line":10,"column":15},"end":{"line":199,"column":1}},"3":{"start":{"line":201,"column":0},"end":{"line":203,"column":1}},"4":{"start":{"line":202,"column":2},"end":{"line":202,"column":48}},"5":{"start":{"line":205,"column":0},"end":{"line":205,"column":23}}},"fnMap":{},"branchMap":{"0":{"loc":{"start":{"line":6,"column":12},"end":{"line":8,"column":61}},"type":"cond-expr","locations":[{"start":{"line":7,"column":4},"end":{"line":7,"column":55}},{"start":{"line":8,"column":4},"end":{"line":8,"column":61}}],"line":6},"1":{"loc":{"start":{"line":201,"column":0},"end":{"line":203,"column":1}},"type":"if","locations":[{"start":{"line":201,"column":0},"end":{"line":203,"column":1}},{"start":{},"end":{}}],"line":201}},"s":{"0":1,"1":1,"2":1,"3":1,"4":1,"5":1},"f":{},"b":{"0":[1,0],"1":[1,0]},"_coverageSchema":"1a1c01bbd47fc00a2c39e90264f33305004495a9","hash":"818520f5bc2f68919a626ecb3808f2b3ad6616d3"}
}
